2025-11-26 13:40:23,878 - __main__ - INFO - Starting Debug V3 GUI
2025-11-26 13:40:24,376 - __main__ - INFO - Initializing DebugV3Calculator
2025-11-26 13:40:24,376 - __main__ - INFO - Setting up UI
2025-11-26 13:40:24,378 - __main__ - DEBUG - Setting up styles
2025-11-26 13:40:24,378 - __main__ - DEBUG - Creating main layout
2025-11-26 13:40:24,378 - __main__ - DEBUG - Creating calculation panel
2025-11-26 13:40:24,382 - __main__ - DEBUG - Creating calculation categories
2025-11-26 13:40:24,383 - __main__ - DEBUG - Creating material tab
2025-11-26 13:40:24,383 - __main__ - INFO - Creating mass calculation form
2025-11-26 13:40:24,383 - __main__ - DEBUG - Creating shape selection combobox
2025-11-26 13:40:24,383 - __main__ - INFO - Shape combobox created with values: ('circle', 'rectangle', 'triangle', 'square', 'semi-circle', 'tube', 'sphere')
2025-11-26 13:40:24,383 - __main__ - INFO - Current shape selection: circle
2025-11-26 13:40:24,383 - __main__ - DEBUG - Creating mass parameters frame
2025-11-26 13:40:24,383 - __main__ - INFO - Initializing with circle parameters
2025-11-26 13:40:24,383 - __main__ - INFO - === DEBUG _update_mass_params ===
2025-11-26 13:40:24,383 - __main__ - INFO - Selected shape: 'circle'
2025-11-26 13:40:24,383 - __main__ - INFO - Clearing 0 existing widgets
2025-11-26 13:40:24,383 - __main__ - INFO - Getting parameters for shape: circle
2025-11-26 13:40:24,383 - __main__ - INFO - Parameters from calculator: ['radius']
2025-11-26 13:40:24,383 - __main__ - DEBUG - Creating widget for parameter: radius
2025-11-26 13:40:24,383 - __main__ - DEBUG - Creating label: 'Yarıçap:' for radius
2025-11-26 13:40:24,383 - __main__ - DEBUG - Creating entry widget for radius
2025-11-26 13:40:24,384 - __main__ - INFO - Created widget for radius: Yarıçap
2025-11-26 13:40:24,384 - __main__ - INFO - Total parameter widgets created: 1
2025-11-26 13:40:24,384 - __main__ - DEBUG - === Frame Visibility Debug ===
2025-11-26 13:40:24,384 - __main__ - DEBUG - Frame class: Frame
2025-11-26 13:40:24,384 - __main__ - DEBUG - Frame visible: 0
2025-11-26 13:40:24,384 - __main__ - DEBUG - Frame geometry: 1x1+0+0
2025-11-26 13:40:24,384 - __main__ - DEBUG - Frame width: 1
2025-11-26 13:40:24,384 - __main__ - DEBUG - Frame height: 1
2025-11-26 13:40:24,384 - __main__ - DEBUG - Frame children: 1
2025-11-26 13:40:24,384 - __main__ - DEBUG -   Child 0: Frame
2025-11-26 13:40:24,384 - __main__ - DEBUG -     Visible: 0
2025-11-26 13:40:24,384 - __main__ - DEBUG -     Geometry: 1x1+0+0
2025-11-26 13:40:24,421 - __main__ - INFO - UI setup completed
2025-11-26 13:40:24,597 - __main__ - INFO - Refreshing model list
2025-11-26 13:40:24,597 - __main__ - INFO - === Widget Hierarchy Debug ===
2025-11-26 13:40:24,597 - __main__ - DEBUG - Tk: tk
2025-11-26 13:40:24,597 - __main__ - DEBUG -   Visible: 1
2025-11-26 13:40:24,598 - __main__ - DEBUG -   Geometry: 200x164+34+92
2025-11-26 13:40:24,598 - __main__ - DEBUG -   Frame: !frame
2025-11-26 13:40:24,598 - __main__ - DEBUG -     Visible: 1
2025-11-26 13:40:24,598 - __main__ - DEBUG -     Geometry: 200x164+0+0
2025-11-26 13:40:24,598 - __main__ - DEBUG -     Panedwindow: !panedwindow
2025-11-26 13:40:24,598 - __main__ - DEBUG -       Visible: 1
2025-11-26 13:40:24,598 - __main__ - DEBUG -       Geometry: 190x154+5+5
2025-11-26 13:40:24,598 - __main__ - DEBUG -       Frame: !frame
2025-11-26 13:40:24,598 - __main__ - DEBUG -         Visible: 1
2025-11-26 13:40:24,598 - __main__ - DEBUG -         Geometry: 96x154+0+0
2025-11-26 13:40:24,598 - __main__ - DEBUG -         Frame: !frame
2025-11-26 13:40:24,598 - __main__ - DEBUG -           Visible: 1
2025-11-26 13:40:24,598 - __main__ - DEBUG -           Geometry: 86x21+5+5
2025-11-26 13:40:24,598 - __main__ - DEBUG -           Label: !label
2025-11-26 13:40:24,598 - __main__ - DEBUG -             Visible: 1
2025-11-26 13:40:24,598 - __main__ - DEBUG -             Geometry: 86x21+0+0
2025-11-26 13:40:24,598 - __main__ - DEBUG -         Labelframe: !labelframe
2025-11-26 13:40:24,598 - __main__ - DEBUG -           Visible: 1
2025-11-26 13:40:24,598 - __main__ - DEBUG -           Geometry: 86x92+5+36
2025-11-26 13:40:24,598 - __main__ - DEBUG -           Frame: !frame
2025-11-26 13:40:24,598 - __main__ - DEBUG -             Visible: 1
2025-11-26 13:40:24,598 - __main__ - DEBUG -             Geometry: 72x32+7+20
2025-11-26 13:40:24,598 - __main__ - DEBUG -             Label: !label
2025-11-26 13:40:24,598 - __main__ - DEBUG -               Visible: 1
2025-11-26 13:40:24,598 - __main__ - DEBUG -               Geometry: 72x20+0+6
2025-11-26 13:40:24,598 - __main__ - DEBUG -             Entry: !entry
2025-11-26 13:40:24,598 - __main__ - DEBUG -               Visible: 0
2025-11-26 13:40:24,598 - __main__ - DEBUG -               Geometry: 1x1+0+0
2025-11-26 13:40:24,598 - __main__ - DEBUG -             Button: !button
2025-11-26 13:40:24,598 - __main__ - DEBUG -               Visible: 0
2025-11-26 13:40:24,598 - __main__ - DEBUG -               Geometry: 1x1+0+0
2025-11-26 13:40:24,598 - __main__ - DEBUG -           Frame: !frame2
2025-11-26 13:40:24,598 - __main__ - DEBUG -             Visible: 1
2025-11-26 13:40:24,598 - __main__ - DEBUG -             Geometry: 72x32+7+56
2025-11-26 13:40:24,598 - __main__ - DEBUG -             Label: !label
2025-11-26 13:40:24,598 - __main__ - DEBUG -               Visible: 1
2025-11-26 13:40:24,598 - __main__ - DEBUG -               Geometry: 72x20+0+6
2025-11-26 13:40:24,598 - __main__ - DEBUG -             Combobox: !combobox
2025-11-26 13:40:24,598 - __main__ - DEBUG -               Visible: 0
2025-11-26 13:40:24,598 - __main__ - DEBUG -               Geometry: 1x1+0+0
2025-11-26 13:40:24,598 - __main__ - DEBUG -             Button: !button
2025-11-26 13:40:24,598 - __main__ - DEBUG -               Visible: 0
2025-11-26 13:40:24,598 - __main__ - DEBUG -               Geometry: 1x1+0+0
2025-11-26 13:40:24,598 - __main__ - DEBUG -         Separator: !separator
2025-11-26 13:40:24,598 - __main__ - DEBUG -           Visible: 1
2025-11-26 13:40:24,598 - __main__ - DEBUG -           Geometry: 86x1+5+143
2025-11-26 13:40:24,598 - __main__ - DEBUG -         Notebook: !notebook
2025-11-26 13:40:24,598 - __main__ - DEBUG -           Visible: 0
2025-11-26 13:40:24,598 - __main__ - DEBUG -           Geometry: 1x1+0+0
2025-11-26 13:40:24,598 - __main__ - DEBUG -           Frame: !frame
2025-11-26 13:40:24,598 - __main__ - DEBUG -             Visible: 0
2025-11-26 13:40:24,598 - __main__ - DEBUG -             Geometry: 1x1+2+3
2025-11-26 13:40:24,598 - __main__ - DEBUG -             Label: !label
2025-11-26 13:40:24,598 - __main__ - DEBUG -               Visible: 0
2025-11-26 13:40:24,598 - __main__ - DEBUG -               Geometry: 1x1+0+0
2025-11-26 13:40:24,598 - __main__ - DEBUG -           Frame: !frame2
2025-11-26 13:40:24,598 - __main__ - DEBUG -             Visible: 0
2025-11-26 13:40:24,598 - __main__ - DEBUG -             Geometry: 1x1+0+0
2025-11-26 13:40:24,599 - __main__ - DEBUG -             Label: !label
2025-11-26 13:40:24,599 - __main__ - DEBUG -               Visible: 0
2025-11-26 13:40:24,599 - __main__ - DEBUG -               Geometry: 1x1+0+0
2025-11-26 13:40:24,599 - __main__ - DEBUG -           Frame: !frame3
2025-11-26 13:40:24,599 - __main__ - DEBUG -             Visible: 0
2025-11-26 13:40:24,599 - __main__ - DEBUG -             Geometry: 1x1+0+0
2025-11-26 13:40:24,599 - __main__ - DEBUG -             Labelframe: !labelframe
2025-11-26 13:40:24,599 - __main__ - DEBUG -               Visible: 0
2025-11-26 13:40:24,599 - __main__ - DEBUG -               Geometry: 1x1+0+0
2025-11-26 13:40:24,599 - __main__ - DEBUG -               Frame: !frame
2025-11-26 13:40:24,599 - __main__ - DEBUG -                 Visible: 0
2025-11-26 13:40:24,599 - __main__ - DEBUG -                 Geometry: 1x1+0+0
2025-11-26 13:40:24,599 - __main__ - DEBUG -                 Label: !label
2025-11-26 13:40:24,599 - __main__ - DEBUG -                   Visible: 0
2025-11-26 13:40:24,599 - __main__ - DEBUG -                   Geometry: 1x1+0+0
2025-11-26 13:40:24,599 - __main__ - DEBUG -                 Combobox: !combobox
2025-11-26 13:40:24,599 - __main__ - DEBUG -                   Visible: 0
2025-11-26 13:40:24,599 - __main__ - DEBUG -                   Geometry: 1x1+0+0
2025-11-26 13:40:24,599 - __main__ - DEBUG -               Frame: !frame2
2025-11-26 13:40:24,599 - __main__ - DEBUG -                 Visible: 0
2025-11-26 13:40:24,599 - __main__ - DEBUG -                 Geometry: 1x1+0+0
2025-11-26 13:40:24,599 - __main__ - DEBUG -                 Frame: !frame
2025-11-26 13:40:24,599 - __main__ - DEBUG -                   Visible: 0
2025-11-26 13:40:24,599 - __main__ - DEBUG -                   Geometry: 1x1+0+0
2025-11-26 13:40:24,599 - __main__ - DEBUG -                   Label: !label
2025-11-26 13:40:24,599 - __main__ - DEBUG -                     Visible: 0
2025-11-26 13:40:24,599 - __main__ - DEBUG -                     Geometry: 1x1+0+0
2025-11-26 13:40:24,599 - __main__ - DEBUG -                   Entry: !entry
2025-11-26 13:40:24,599 - __main__ - DEBUG -                     Visible: 0
2025-11-26 13:40:24,599 - __main__ - DEBUG -                     Geometry: 1x1+0+0
2025-11-26 13:40:24,599 - __main__ - DEBUG -               Frame: !frame3
2025-11-26 13:40:24,599 - __main__ - DEBUG -                 Visible: 0
2025-11-26 13:40:24,599 - __main__ - DEBUG -                 Geometry: 1x1+0+0
2025-11-26 13:40:24,599 - __main__ - DEBUG -                 Label: !label
2025-11-26 13:40:24,599 - __main__ - DEBUG -                   Visible: 0
2025-11-26 13:40:24,599 - __main__ - DEBUG -                   Geometry: 1x1+0+0
2025-11-26 13:40:24,599 - __main__ - DEBUG -                 Entry: !entry
2025-11-26 13:40:24,599 - __main__ - DEBUG -                   Visible: 0
2025-11-26 13:40:24,599 - __main__ - DEBUG -                   Geometry: 1x1+0+0
2025-11-26 13:40:24,599 - __main__ - DEBUG -                 Label: !label2
2025-11-26 13:40:24,599 - __main__ - DEBUG -                   Visible: 0
2025-11-26 13:40:24,599 - __main__ - DEBUG -                   Geometry: 1x1+0+0
2025-11-26 13:40:24,599 - __main__ - DEBUG -               Button: !button
2025-11-26 13:40:24,599 - __main__ - DEBUG -                 Visible: 0
2025-11-26 13:40:24,599 - __main__ - DEBUG -                 Geometry: 1x1+0+0
2025-11-26 13:40:24,599 - __main__ - DEBUG -               Label: !label
2025-11-26 13:40:24,599 - __main__ - DEBUG -                 Visible: 0
2025-11-26 13:40:24,599 - __main__ - DEBUG -                 Geometry: 1x1+0+0
2025-11-26 13:40:24,599 - __main__ - DEBUG -               Button: !button2
2025-11-26 13:40:24,599 - __main__ - DEBUG -                 Visible: 0
2025-11-26 13:40:24,599 - __main__ - DEBUG -                 Geometry: 1x1+0+0
2025-11-26 13:40:24,599 - __main__ - DEBUG -               Button: !button3
2025-11-26 13:40:24,599 - __main__ - DEBUG -                 Visible: 0
2025-11-26 13:40:24,599 - __main__ - DEBUG -                 Geometry: 1x1+0+0
2025-11-26 13:40:24,599 - __main__ - DEBUG -           Frame: !frame4
2025-11-26 13:40:24,599 - __main__ - DEBUG -             Visible: 0
2025-11-26 13:40:24,599 - __main__ - DEBUG -             Geometry: 1x1+0+0
2025-11-26 13:40:24,599 - __main__ - DEBUG -             Label: !label
2025-11-26 13:40:24,599 - __main__ - DEBUG -               Visible: 0
2025-11-26 13:40:24,599 - __main__ - DEBUG -               Geometry: 1x1+0+0
2025-11-26 13:40:24,599 - __main__ - DEBUG -       Frame: !frame2
2025-11-26 13:40:24,599 - __main__ - DEBUG -         Visible: 1
2025-11-26 13:40:24,599 - __main__ - DEBUG -         Geometry: 88x154+102+0
2025-11-26 13:40:24,599 - __main__ - DEBUG -         WorkspaceEditor: !workspaceeditor
2025-11-26 13:40:24,599 - __main__ - DEBUG -           Visible: 1
2025-11-26 13:40:24,599 - __main__ - DEBUG -           Geometry: 88x154+0+0
2025-11-26 13:40:24,600 - __main__ - DEBUG -           Frame: !frame
2025-11-26 13:40:24,600 - __main__ - DEBUG -             Visible: 1
2025-11-26 13:40:24,600 - __main__ - DEBUG -             Geometry: 78x32+5+5
2025-11-26 13:40:24,600 - __main__ - DEBUG -             Label: !label
2025-11-26 13:40:24,600 - __main__ - DEBUG -               Visible: 1
2025-11-26 13:40:24,600 - __main__ - DEBUG -               Geometry: 78x22+0+5
2025-11-26 13:40:24,600 - __main__ - DEBUG -             Separator: !separator
2025-11-26 13:40:24,600 - __main__ - DEBUG -               Visible: 0
2025-11-26 13:40:24,600 - __main__ - DEBUG -               Geometry: 1x1+0+0
2025-11-26 13:40:24,600 - __main__ - DEBUG -             Button: !button
2025-11-26 13:40:24,600 - __main__ - DEBUG -               Visible: 0
2025-11-26 13:40:24,600 - __main__ - DEBUG -               Geometry: 1x1+0+0
2025-11-26 13:40:24,600 - __main__ - DEBUG -             Button: !button2
2025-11-26 13:40:24,600 - __main__ - DEBUG -               Visible: 0
2025-11-26 13:40:24,600 - __main__ - DEBUG -               Geometry: 1x1+0+0
2025-11-26 13:40:24,600 - __main__ - DEBUG -             Separator: !separator2
2025-11-26 13:40:24,600 - __main__ - DEBUG -               Visible: 0
2025-11-26 13:40:24,600 - __main__ - DEBUG -               Geometry: 1x1+0+0
2025-11-26 13:40:24,600 - __main__ - DEBUG -             Button: !button3
2025-11-26 13:40:24,600 - __main__ - DEBUG -               Visible: 0
2025-11-26 13:40:24,600 - __main__ - DEBUG -               Geometry: 1x1+0+0
2025-11-26 13:40:24,600 - __main__ - DEBUG -             Button: !button4
2025-11-26 13:40:24,600 - __main__ - DEBUG -               Visible: 0
2025-11-26 13:40:24,600 - __main__ - DEBUG -               Geometry: 1x1+0+0
2025-11-26 13:40:24,600 - __main__ - DEBUG -             Separator: !separator3
2025-11-26 13:40:24,600 - __main__ - DEBUG -               Visible: 0
2025-11-26 13:40:24,600 - __main__ - DEBUG -               Geometry: 1x1+0+0
2025-11-26 13:40:24,600 - __main__ - DEBUG -             Button: !button5
2025-11-26 13:40:24,600 - __main__ - DEBUG -               Visible: 0
2025-11-26 13:40:24,600 - __main__ - DEBUG -               Geometry: 1x1+0+0
2025-11-26 13:40:24,600 - __main__ - DEBUG -             Button: !button6
2025-11-26 13:40:24,600 - __main__ - DEBUG -               Visible: 0
2025-11-26 13:40:24,600 - __main__ - DEBUG -               Geometry: 1x1+0+0
2025-11-26 13:40:24,600 - __main__ - DEBUG -           Frame: !frame2
2025-11-26 13:40:24,600 - __main__ - DEBUG -             Visible: 1
2025-11-26 13:40:24,600 - __main__ - DEBUG -             Geometry: 78x102+5+47
2025-11-26 13:40:24,600 - __main__ - DEBUG -             Text: !text
2025-11-26 13:40:24,600 - __main__ - DEBUG -               Visible: 1
2025-11-26 13:40:24,600 - __main__ - DEBUG -               Geometry: 48x102+0+0
2025-11-26 13:40:24,600 - __main__ - DEBUG -             Frame: !frame
2025-11-26 13:40:24,600 - __main__ - DEBUG -               Visible: 1
2025-11-26 13:40:24,600 - __main__ - DEBUG -               Geometry: 30x102+48+0
2025-11-26 13:40:24,600 - __main__ - DEBUG -               Scrollbar: !scrollbar
2025-11-26 13:40:24,600 - __main__ - DEBUG -                 Visible: 1
2025-11-26 13:40:24,600 - __main__ - DEBUG -                 Geometry: 15x102+15+0
2025-11-26 13:40:24,600 - __main__ - DEBUG -               ScrolledText: !scrolledtext
2025-11-26 13:40:24,600 - __main__ - DEBUG -                 Visible: 1
2025-11-26 13:40:24,600 - __main__ - DEBUG -                 Geometry: 15x102+0+0
2025-11-26 13:40:24,600 - __main__ - DEBUG -           Frame: !frame3
2025-11-26 13:40:24,600 - __main__ - DEBUG -             Visible: 0
2025-11-26 13:40:24,600 - __main__ - DEBUG -             Geometry: 1x1+0+0
2025-11-26 13:40:24,600 - __main__ - DEBUG -             Label: !label
2025-11-26 13:40:24,600 - __main__ - DEBUG -               Visible: 0
2025-11-26 13:40:24,600 - __main__ - DEBUG -               Geometry: 1x1+0+0
2025-11-26 13:40:24,600 - __main__ - DEBUG -             Label: !label2
2025-11-26 13:40:24,600 - __main__ - DEBUG -               Visible: 0
2025-11-26 13:40:24,600 - __main__ - DEBUG -               Geometry: 1x1+0+0
2025-11-26 13:40:24,600 - __main__ - DEBUG -           Frame: !frame4
2025-11-26 13:40:24,600 - __main__ - DEBUG -             Visible: 0
2025-11-26 13:40:24,600 - __main__ - DEBUG -             Geometry: 1x1+0+0
2025-11-26 13:40:24,600 - __main__ - DEBUG -             Frame: !frame
2025-11-26 13:40:24,600 - __main__ - DEBUG -               Visible: 0
2025-11-26 13:40:24,600 - __main__ - DEBUG -               Geometry: 1x1+0+0
2025-11-26 13:40:24,600 - __main__ - DEBUG -               Label: !label
2025-11-26 13:40:24,600 - __main__ - DEBUG -                 Visible: 0
2025-11-26 13:40:24,601 - __main__ - DEBUG -                 Geometry: 1x1+0+0
2025-11-26 13:40:24,601 - __main__ - DEBUG -               Button: !button
2025-11-26 13:40:24,601 - __main__ - DEBUG -                 Visible: 0
2025-11-26 13:40:24,601 - __main__ - DEBUG -                 Geometry: 1x1+0+0
2025-11-26 13:40:24,601 - __main__ - DEBUG -             Listbox: !listbox
2025-11-26 13:40:24,601 - __main__ - DEBUG -               Visible: 0
2025-11-26 13:40:24,601 - __main__ - DEBUG -               Geometry: 1x1+0+0
2025-11-26 13:40:24,601 - __main__ - DEBUG -             Frame: !frame2
2025-11-26 13:40:24,601 - __main__ - DEBUG -               Visible: 0
2025-11-26 13:40:24,601 - __main__ - DEBUG -               Geometry: 1x1+0+0
2025-11-26 13:40:24,601 - __main__ - DEBUG -               Button: !button
2025-11-26 13:40:24,601 - __main__ - DEBUG -                 Visible: 0
2025-11-26 13:40:24,601 - __main__ - DEBUG -                 Geometry: 1x1+0+0
2025-11-26 13:40:24,601 - __main__ - DEBUG -               Button: !button2
2025-11-26 13:40:24,601 - __main__ - DEBUG -                 Visible: 0
2025-11-26 13:40:24,601 - __main__ - DEBUG -                 Geometry: 1x1+0+0
2025-11-26 13:40:24,601 - __main__ - DEBUG -               Button: !button3
2025-11-26 13:40:24,601 - __main__ - DEBUG -                 Visible: 0
2025-11-26 13:40:24,601 - __main__ - DEBUG -                 Geometry: 1x1+0+0
2025-11-26 13:40:24,601 - __main__ - DEBUG -   Menu: !menu
2025-11-26 13:40:24,601 - __main__ - DEBUG -     Visible: 0
2025-11-26 13:40:24,601 - __main__ - DEBUG -     Geometry: 1x1+0+0
2025-11-26 13:40:24,601 - __main__ - DEBUG -     Menu: !menu
2025-11-26 13:40:24,601 - __main__ - DEBUG -       Visible: 0
2025-11-26 13:40:24,601 - __main__ - DEBUG -       Geometry: 1x1+0+0
2025-11-26 13:40:24,601 - __main__ - DEBUG -   Frame: !frame2
2025-11-26 13:40:24,601 - __main__ - DEBUG -     Visible: 0
2025-11-26 13:40:24,601 - __main__ - DEBUG -     Geometry: 200x24+0+140
2025-11-26 13:40:24,601 - __main__ - DEBUG -     Label: !label
2025-11-26 13:40:24,601 - __main__ - DEBUG -       Visible: 0
2025-11-26 13:40:24,601 - __main__ - DEBUG -       Geometry: 196x20+2+2
2025-11-26 13:40:24,601 - __main__ - INFO - === End Widget Hierarchy Debug ===
2025-11-26 13:40:24,601 - __main__ - INFO - Starting main loop
